900 20 1000
900 20 920
processing ....
0 freqs.hi.cut


920 20 940
processing ....
0 freqs.hi.cut


940 20 960
processing ....
0 freqs.hi.cut


960 20 980
processing ....
0 freqs.hi.cut


980 20 1000
processing ....
0 freqs.hi.cut


1000 20 1020
processing ....
0 freqs.hi.cut


900 20 1000
900 20 920
processing ....
0 freqs.hi.cut


920 20 940
processing ....
0 freqs.hi.cut


940 20 960
processing ....
0 freqs.hi.cut


960 20 980
processing ....
0 freqs.hi.cut


980 20 1000
processing ....
0 freqs.hi.cut


1000 20 1020
processing ....
0 freqs.hi.cut


900 20 1000
900 20 920
processing ....
0 freqs.hi.cut


920 20 940
processing ....
0 freqs.hi.cut


940 20 960
processing ....
0 freqs.hi.cut


960 20 980
processing ....
0 freqs.hi.cut


980 20 1000
processing ....
0 freqs.hi.cut


1000 20 1020
processing ....
0 freqs.hi.cut


900 20 1000
900 20 920
processing ....
0 freqs.hi.cut


920 20 940
processing ....
0 freqs.hi.cut


940 20 960
processing ....
0 freqs.hi.cut


960 20 980
processing ....
0 freqs.hi.cut


980 20 1000
processing ....
0 freqs.hi.cut


1000 20 1020
processing ....
0 freqs.hi.cut


900 20 1000
900 20 920
processing ....
0 freqs.hi.cut


920 20 940
processing ....
0 freqs.hi.cut


940 20 960
processing ....
0 freqs.hi.cut


960 20 980
processing ....
0 freqs.hi.cut


980 20 1000
processing ....
0 freqs.hi.cut


1000 20 1020
processing ....
0 freqs.hi.cut


900 20 1000
900 20 920
processing ....
0 freqs.hi.cut


920 20 940
processing ....
0 freqs.hi.cut


940 20 960
processing ....
0 freqs.hi.cut


960 20 980
processing ....
0 freqs.hi.cut


980 20 1000
processing ....
0 freqs.hi.cut


1000 20 1020
processing ....
0 freqs.hi.cut


900 20 1000
900 20 920
processing ....
0 freqs.hi.cut


920 20 940
processing ....
0 freqs.hi.cut


940 20 960
processing ....
0 freqs.hi.cut


960 20 980
