800 20 900
800 20 820
processing ....
1 freqs.hi.cut
-f 806406250.0

820 20 840
processing ....
2 freqs.hi.cut
-f 820800781.25 -f 835195312.5
<___.____________________________>E M E E IE E I 5E ETTIECI 
840 20 860
processing ....
3 freqs.hi.cut
-f 851738281.25 -f 853867187.5 -f 856796875.0

860 20 880
processing ....
8 freqs.hi.cut
-f 860917968.75 -f 864003906.25 -f 866230468.75 -f 869980468.75 -f 871250000.0 -f 872968750.0 -f 876250000.0 -f 878730468.75

880 20 900
processing ....
6 freqs.hi.cut
-f 881230468.75 -f 883730468.75 -f 885488281.25 -f 888886718.75 -f 890039062.5 -f 893085937.5

900 20 920
processing ....
3 freqs.hi.cut
-f 907207031.25 -f 911992187.5 -f 919199218.75

