#------------------------------
810240
#------------------------------


#------------------------------
810340
#------------------------------


#------------------------------
810440
#------------------------------


#------------------------------
810540
#------------------------------


#------------------------------
810640
#------------------------------


#------------------------------
810740
#------------------------------


#------------------------------
810840
#------------------------------


#------------------------------
810940
#------------------------------


#------------------------------
811040
#------------------------------


#------------------------------
811140
#------------------------------


#------------------------------
811240
#------------------------------


#------------------------------
811340
#------------------------------


#------------------------------
811440
#------------------------------


#------------------------------
811540
#------------------------------


#------------------------------
811640
#------------------------------


#------------------------------
811740
#------------------------------


#------------------------------
811840
#------------------------------


#------------------------------
811940
#------------------------------


#------------------------------
812040
#------------------------------


#------------------------------
812140
#------------------------------


#------------------------------
812240
#------------------------------


#------------------------------
812340
#------------------------------


#------------------------------
812440
#------------------------------


#------------------------------
812540
#------------------------------


#------------------------------
812640
#------------------------------


#------------------------------
812740
#------------------------------


#------------------------------
812840
#------------------------------


#------------------------------
812940
#------------------------------


#------------------------------
813040
#------------------------------


#------------------------------
813140
#------------------------------
<_...____________________________>

#------------------------------
813240
#------------------------------


#------------------------------
813340
#------------------------------


#------------------------------
813440
#------------------------------


#------------------------------
813540
#------------------------------


#------------------------------
813640
#------------------------------


#------------------------------
813740
#------------------------------


#------------------------------
813840
#------------------------------


#------------------------------
813940
#------------------------------


#------------------------------
814040
#------------------------------


#------------------------------
814140
#------------------------------


#------------------------------
814240
#------------------------------


#------------------------------
814340
#------------------------------


#------------------------------
814440
#------------------------------


#------------------------------
814540
#------------------------------


#------------------------------
814640
#------------------------------


#------------------------------
814740
#------------------------------


#------------------------------
814840
#------------------------------


#------------------------------
814940
#------------------------------


#------------------------------
815040
#------------------------------


#------------------------------
815140
#------------------------------


#------------------------------
815240
#------------------------------


#------------------------------
815340
#------------------------------


#------------------------------
815440
#------------------------------


#------------------------------
815540
#------------------------------


#------------------------------
815640
#------------------------------


#------------------------------
815740
#------------------------------


#------------------------------
815840
#------------------------------


#------------------------------
815940
#------------------------------


#------------------------------
816040
#------------------------------


#------------------------------
816140
#------------------------------


#------------------------------
816240
#------------------------------


#------------------------------
816340
#------------------------------


#------------------------------
816440
#------------------------------
<___.________________________>

#------------------------------
816540
#------------------------------


#------------------------------
816640
#------------------------------


#------------------------------
816740
#------------------------------


#------------------------------
816840
#------------------------------


#------------------------------
816940
#------------------------------


#------------------------------
817040
#------------------------------


#------------------------------
817140
#------------------------------


#------------------------------
817240
#------------------------------


#------------------------------
817340
#------------------------------


#------------------------------
817440
#------------------------------


#------------------------------
817540
#------------------------------


#------------------------------
817640
#------------------------------


#------------------------------
817740
#------------------------------


#------------------------------
817840
#------------------------------


#------------------------------
817940
#------------------------------


#------------------------------
818040
#------------------------------


#------------------------------
818140
#------------------------------


#------------------------------
818240
#------------------------------


#------------------------------
818340
#------------------------------


#------------------------------
818440
#------------------------------


#------------------------------
818540
#------------------------------


#------------------------------
818640
#------------------------------


#------------------------------
818740
#------------------------------


#------------------------------
818840
#------------------------------


#------------------------------
818940
#------------------------------


#------------------------------
819040
#------------------------------


#------------------------------
819140
#------------------------------


#------------------------------
819240
#------------------------------


#------------------------------
819340
#------------------------------


#------------------------------
819440
#------------------------------


#------------------------------
819540
#------------------------------


#------------------------------
819640
#------------------------------


#------------------------------
819740
#------------------------------


#------------------------------
819840
#------------------------------


#------------------------------
819940
#------------------------------


#------------------------------
820040
#------------------------------


#------------------------------
820140
#------------------------------


#------------------------------
820240
#------------------------------


#------------------------------
820340
#------------------------------


#------------------------------
820440
#------------------------------


#------------------------------
820540
#------------------------------


#------------------------------
820640
#------------------------------


#------------------------------
820740
#------------------------------


#------------------------------
820840
#------------------------------


#------------------------------
820940
#------------------------------


#------------------------------
821040
#------------------------------
N E J I TQ E1 I I 

#------------------------------
821140
#------------------------------


#------------------------------
821240
#------------------------------


#------------------------------
821340
#------------------------------


#------------------------------
821440
#------------------------------


#------------------------------
821540
#------------------------------


#------------------------------
821640
#------------------------------


#------------------------------
821740
#------------------------------


#------------------------------
821840
#------------------------------


#------------------------------
821940
#------------------------------


#------------------------------
822040
#------------------------------


#------------------------------
822140
#------------------------------


#------------------------------
822240
#------------------------------


#------------------------------
822340
#------------------------------


#------------------------------
822440
#------------------------------


#------------------------------
822540
#------------------------------


#------------------------------
822640
#------------------------------


#------------------------------
822740
#------------------------------


#------------------------------
822840
#------------------------------


#------------------------------
822940
#------------------------------


#------------------------------
823040
#------------------------------


#------------------------------
823140
#------------------------------


#------------------------------
823240
#------------------------------


#------------------------------
823340
#------------------------------
