900 20 1000
900 20 920
processing ....
1 freqs.hi.cut
-f 907207031.25

920 20 940
processing ....
5 freqs.hi.cut
-f 921601562.5 -f 923203125.0 -f 929863281.25 -f 935253906.25 -f 939941406.25

940 20 960
processing ....
5 freqs.hi.cut
-f 940214843.75 -f 947988281.25 -f 950390625.0 -f 956425781.25 -f 957500000.0

960 20 980
processing ....
3 freqs.hi.cut
-f 960000000.0 -f 964804687.5 -f 979199218.75

980 20 1000
processing ....
2 freqs.hi.cut
-f 993593750.0 -f 998398437.5

1000 20 1020
processing ....
1 freqs.hi.cut
-f 1008007812.5

